<?xml version="1.0" encoding="UTF-8"?>
<testng-results skipped="0" failed="0" total="1" passed="1">
  <reporter-output>
  </reporter-output>
  <suite name="Suite" duration-ms="208668" started-at="2019-02-10T17:09:21Z" finished-at="2019-02-10T17:12:50Z">
    <groups>
      <group name="cucumber">
        <method signature="AutomationRunner.feature(cucumber.api.testng.CucumberFeatureWrapper)[pri:0, instance:com.runner.AutomationRunner@3a82f6ef]" name="feature" class="com.runner.AutomationRunner"/>
      </group> <!-- cucumber -->
    </groups>
    <test name="Test - 1" duration-ms="208668" started-at="2019-02-10T17:09:21Z" finished-at="2019-02-10T17:12:50Z">
      <class name="com.runner.AutomationRunner">
        <test-method status="PASS" signature="setUpClass()[pri:0, instance:com.runner.AutomationRunner@3a82f6ef]" name="setUpClass" is-config="true" duration-ms="313" started-at="2019-02-10T22:39:21Z" finished-at="2019-02-10T22:39:21Z">
          <reporter-output>
          </reporter-output>
        </test-method> <!-- setUpClass -->
        <test-method status="PASS" signature="feature(cucumber.api.testng.CucumberFeatureWrapper)[pri:0, instance:com.runner.AutomationRunner@3a82f6ef]" name="feature" duration-ms="207807" started-at="2019-02-10T22:39:22Z" description="Runs Cucumber Features" data-provider="features" finished-at="2019-02-10T22:42:49Z">
          <params>
            <param index="0">
              <value>
                <![CDATA[Add Product into Cart]]>
              </value>
            </param>
          </params>
          <reporter-output>
          </reporter-output>
        </test-method> <!-- feature -->
        <test-method status="PASS" signature="setUpClose()[pri:0, instance:com.runner.AutomationRunner@3a82f6ef]" name="setUpClose" is-config="true" duration-ms="333" started-at="2019-02-10T22:42:49Z" finished-at="2019-02-10T22:42:50Z">
          <reporter-output>
          </reporter-output>
        </test-method> <!-- setUpClose -->
      </class> <!-- com.runner.AutomationRunner -->
    </test> <!-- Test - 1 -->
  </suite> <!-- Suite -->
</testng-results>
